app/build/outputs/logs/manifest-merger-debug-report.txt
-- Merging decision tree log ---
manifest
ADDED from src/main/AndroidManifest.xml:2:1-150:12
INJECTED from src/main/AndroidManifest.xml:2:1-150:12
INJECTED from src/main/AndroidManifest.xml:2:1-150:12
INJECTED from src/main/AndroidManifest.xml:2:1-150:12
MERGED from [com.android.support:appcompat-v7:28.0.0] AndroidManifest.xml:17:1-22:12
MERGED from [com.android.support.constraint:constraint-layout:1.1.3] AndroidManifest.xml:2:1-11:12
MERGED from [com.android.support:support-fragment:28.0.0] AndroidManifest.xml:17:1-22:12
MERGED from [com.android.support:animated-vector-drawable:28.0.0] AndroidManifest.xml:17:1-22:12
MERGED from [com.android.support:support-core-ui:28.0.0] AndroidManifest.xml:17:1-22:12
MERGED from [com.android.support:support-core-utils:28.0.0] AndroidManifest.xml:17:1-22:12
MERGED from [com.android.support:support-vector-drawable:28.0.0] AndroidManifest.xml:17:1-22:12
MERGED from [com.android.support:loader:28.0.0] AndroidManifest.xml:17:1-22:12
MERGED from [com.android.support:viewpager:28.0.0] AndroidManifest.xml:17:1-22:12
MERGED from [com.android.support:coordinatorlayout:28.0.0] AndroidManifest.xml:17:1-22:12
MERGED from [com.android.support:drawerlayout:28.0.0] AndroidManifest.xml:17:1-22:12
MERGED from [com.android.support:slidingpanelayout:28.0.0] AndroidManifest.xml:17:1-22:12
MERGED from [com.android.support:customview:28.0.0] AndroidManifest.xml:17:1-22:12
MERGED from [com.android.support:swiperefreshlayout:28.0.0] AndroidManifest.xml:17:1-22:12
MERGED from [com.android.support:asynclayoutinflater:28.0.0] AndroidManifest.xml:17:1-22:12
MERGED from [com.android.support:support-compat:28.0.0] AndroidManifest.xml:17:1-24:12
MERGED from [com.android.support:versionedparcelable:28.0.0] AndroidManifest.xml:17:1-25:12
MERGED from [com.android.support:cursoradapter:28.0.0] AndroidManifest.xml:17:1-22:12
MERGED from [android.arch.lifecycle:runtime:1.1.1] AndroidManifest.xml:17:1-22:12
MERGED from [com.android.support:documentfile:28.0.0] AndroidManifest.xml:17:1-22:12
MERGED from [com.android.support:localbroadcastmanager:28.0.0] AndroidManifest.xml:17:1-22:12
MERGED from [com.android.support:print:28.0.0] AndroidManifest.xml:17:1-22:12
MERGED from [android.arch.lifecycle:viewmodel:1.1.1] AndroidManifest.xml:17:1-22:12
MERGED from [android.arch.lifecycle:livedata:1.1.1] AndroidManifest.xml:17:1-22:12
MERGED from [android.arch.lifecycle:livedata-core:1.1.1] AndroidManifest.xml:17:1-22:12
MERGED from [android.arch.core:runtime:1.1.1] AndroidManifest.xml:17:1-22:12
MERGED from [com.android.support:interpolator:28.0.0] AndroidManifest.xml:17:1-22:12
INJECTED from src/main/AndroidManifest.xml:2:1-150:12
INJECTED from src/main/AndroidManifest.xml:2:1-150:12
INJECTED from src/main/AndroidManifest.xml:2:1-150:12
	package
		ADDED from src/main/AndroidManifest.xml:3:5-48
		INJECTED from src/main/AndroidManifest.xml
		INJECTED from src/main/AndroidManifest.xml
	android:versionName
		INJECTED from src/main/AndroidManifest.xml
		ADDED from src/main/AndroidManifest.xml:2:1-150:12
		INJECTED from src/main/AndroidManifest.xml
	android:versionCode
		INJECTED from src/main/AndroidManifest.xml
		ADDED from src/main/AndroidManifest.xml:2:1-150:12
		INJECTED from src/main/AndroidManifest.xml
	xmlns:android
		ADDED from src/main/AndroidManifest.xml:2:11-69
application
ADDED from src/main/AndroidManifest.xml:5:5-148:19
MERGED from [com.android.support.constraint:constraint-layout:1.1.3] AndroidManifest.xml:9:5-20
MERGED from [com.android.support.constraint:constraint-layout:1.1.3] AndroidManifest.xml:9:5-20
MERGED from [com.android.support:support-compat:28.0.0] AndroidManifest.xml:22:5-94
MERGED from [com.android.support:support-compat:28.0.0] AndroidManifest.xml:22:5-94
MERGED from [com.android.support:versionedparcelable:28.0.0] AndroidManifest.xml:22:5-23:19
MERGED from [com.android.support:versionedparcelable:28.0.0] AndroidManifest.xml:22:5-23:19
	android:appComponentFactory
		ADDED from [com.android.support:support-compat:28.0.0] AndroidManifest.xml:22:18-91
	android:supportsRtl
		ADDED from src/main/AndroidManifest.xml:10:9-35
	android:label
		ADDED from src/main/AndroidManifest.xml:8:9-41
	android:roundIcon
		ADDED from src/main/AndroidManifest.xml:9:9-54
	android:icon
		ADDED from src/main/AndroidManifest.xml:7:9-43
	android:allowBackup
		ADDED from src/main/AndroidManifest.xml:6:9-35
	android:theme
		ADDED from src/main/AndroidManifest.xml:11:9-40
activity#com.example.shagun.techno_agri_23.MainActivity
ADDED from src/main/AndroidManifest.xml:12:9-18:20
	android:name
		ADDED from src/main/AndroidManifest.xml:12:19-47
intent-filter#action:name:android.intent.action.MAIN+category:name:android.intent.category.LAUNCHER
ADDED from src/main/AndroidManifest.xml:13:13-17:29
action#android.intent.action.MAIN
ADDED from src/main/AndroidManifest.xml:14:17-69
	android:name
		ADDED from src/main/AndroidManifest.xml:14:25-66
category#android.intent.category.LAUNCHER
ADDED from src/main/AndroidManifest.xml:16:17-77
	android:name
		ADDED from src/main/AndroidManifest.xml:16:27-74
activity#com.example.shagun.techno_agri_23.logineng
ADDED from src/main/AndroidManifest.xml:19:9-21:63
	android:label
		ADDED from src/main/AndroidManifest.xml:21:13-60
	android:name
		ADDED from src/main/AndroidManifest.xml:20:13-37
activity#com.example.shagun.techno_agri_23.loginmar
ADDED from src/main/AndroidManifest.xml:22:9-24:63
	android:label
		ADDED from src/main/AndroidManifest.xml:24:13-60
	android:name
		ADDED from src/main/AndroidManifest.xml:23:13-37
activity#com.example.shagun.techno_agri_23.signupenglish
ADDED from src/main/AndroidManifest.xml:25:9-27:68
	android:label
		ADDED from src/main/AndroidManifest.xml:27:13-65
	android:name
		ADDED from src/main/AndroidManifest.xml:26:13-42
activity#com.example.shagun.techno_agri_23.seasoneng
ADDED from src/main/AndroidManifest.xml:28:9-30:64
	android:label
		ADDED from src/main/AndroidManifest.xml:30:13-61
	android:name
		ADDED from src/main/AndroidManifest.xml:29:13-38
activity#com.example.shagun.techno_agri_23.rabieng
ADDED from src/main/AndroidManifest.xml:31:9-33:62
	android:label
		ADDED from src/main/AndroidManifest.xml:33:13-59
	android:name
		ADDED from src/main/AndroidManifest.xml:32:13-36
activity#com.example.shagun.techno_agri_23.zaideng
ADDED from src/main/AndroidManifest.xml:34:9-36:62
	android:label
		ADDED from src/main/AndroidManifest.xml:36:13-59
	android:name
		ADDED from src/main/AndroidManifest.xml:35:13-36
activity#com.example.shagun.techno_agri_23.kfceng
ADDED from src/main/AndroidManifest.xml:37:9-39:61
	android:label
		ADDED from src/main/AndroidManifest.xml:39:13-58
	android:name
		ADDED from src/main/AndroidManifest.xml:38:13-35
activity#com.example.shagun.techno_agri_23.bajara
ADDED from src/main/AndroidManifest.xml:40:9-42:61
	android:label
		ADDED from src/main/AndroidManifest.xml:42:13-58
	android:name
		ADDED from src/main/AndroidManifest.xml:41:13-35
activity#com.example.shagun.techno_agri_23.bajara2
ADDED from src/main/AndroidManifest.xml:43:9-45:62
	android:label
		ADDED from src/main/AndroidManifest.xml:45:13-59
	android:name
		ADDED from src/main/AndroidManifest.xml:44:13-36
activity#com.example.shagun.techno_agri_23.sugarcane
ADDED from src/main/AndroidManifest.xml:46:9-48:64
	android:label
		ADDED from src/main/AndroidManifest.xml:48:13-61
	android:name
		ADDED from src/main/AndroidManifest.xml:47:13-38
activity#com.example.shagun.techno_agri_23.muskmeloan
ADDED from src/main/AndroidManifest.xml:49:9-51:65
	android:label
		ADDED from src/main/AndroidManifest.xml:51:13-62
	android:name
		ADDED from src/main/AndroidManifest.xml:50:13-39
activity#com.example.shagun.techno_agri_23.sugarcanenext
ADDED from src/main/AndroidManifest.xml:52:9-54:68
	android:label
		ADDED from src/main/AndroidManifest.xml:54:13-65
	android:name
		ADDED from src/main/AndroidManifest.xml:53:13-42
activity#com.example.shagun.techno_agri_23.sugar1
ADDED from src/main/AndroidManifest.xml:55:9-57:61
	android:label
		ADDED from src/main/AndroidManifest.xml:57:13-58
	android:name
		ADDED from src/main/AndroidManifest.xml:56:13-35
activity#com.example.shagun.techno_agri_23.District
ADDED from src/main/AndroidManifest.xml:58:9-60:63
	android:label
		ADDED from src/main/AndroidManifest.xml:60:13-60
	android:name
		ADDED from src/main/AndroidManifest.xml:59:13-37
activity#com.example.shagun.techno_agri_23.bajra3
ADDED from src/main/AndroidManifest.xml:61:9-63:61
	android:label
		ADDED from src/main/AndroidManifest.xml:63:13-58
	android:name
		ADDED from src/main/AndroidManifest.xml:62:13-35
activity#com.example.shagun.techno_agri_23.seedp
ADDED from src/main/AndroidManifest.xml:64:9-66:60
	android:label
		ADDED from src/main/AndroidManifest.xml:66:13-57
	android:name
		ADDED from src/main/AndroidManifest.xml:65:13-34
activity#com.example.shagun.techno_agri_23.bean
ADDED from src/main/AndroidManifest.xml:67:9-69:59
	android:label
		ADDED from src/main/AndroidManifest.xml:69:13-56
	android:name
		ADDED from src/main/AndroidManifest.xml:68:13-33
activity#com.example.shagun.techno_agri_23.nut
ADDED from src/main/AndroidManifest.xml:70:9-72:58
	android:label
		ADDED from src/main/AndroidManifest.xml:72:13-55
	android:name
		ADDED from src/main/AndroidManifest.xml:71:13-32
activity#com.example.shagun.techno_agri_23.nut2
ADDED from src/main/AndroidManifest.xml:73:9-75:59
	android:label
		ADDED from src/main/AndroidManifest.xml:75:13-56
	android:name
		ADDED from src/main/AndroidManifest.xml:74:13-33
activity#com.example.shagun.techno_agri_23.nut1
ADDED from src/main/AndroidManifest.xml:76:9-78:59
	android:label
		ADDED from src/main/AndroidManifest.xml:78:13-56
	android:name
		ADDED from src/main/AndroidManifest.xml:77:13-33
activity#com.example.shagun.techno_agri_23.bean2
ADDED from src/main/AndroidManifest.xml:79:9-81:60
	android:label
		ADDED from src/main/AndroidManifest.xml:81:13-57
	android:name
		ADDED from src/main/AndroidManifest.xml:80:13-34
activity#com.example.shagun.techno_agri_23.veg
ADDED from src/main/AndroidManifest.xml:82:9-84:58
	android:label
		ADDED from src/main/AndroidManifest.xml:84:13-55
	android:name
		ADDED from src/main/AndroidManifest.xml:83:13-32
activity#com.example.shagun.techno_agri_23.tomato
ADDED from src/main/AndroidManifest.xml:85:9-87:61
	android:label
		ADDED from src/main/AndroidManifest.xml:87:13-58
	android:name
		ADDED from src/main/AndroidManifest.xml:86:13-35
activity#com.example.shagun.techno_agri_23.quey
ADDED from src/main/AndroidManifest.xml:88:9-90:59
	android:label
		ADDED from src/main/AndroidManifest.xml:90:13-56
	android:name
		ADDED from src/main/AndroidManifest.xml:89:13-33
activity#com.example.shagun.techno_agri_23.ktypes
ADDED from src/main/AndroidManifest.xml:91:9-93:61
	android:label
		ADDED from src/main/AndroidManifest.xml:93:13-58
	android:name
		ADDED from src/main/AndroidManifest.xml:92:13-35
activity#com.example.shagun.techno_agri_23.typesofcropsinkharif
ADDED from src/main/AndroidManifest.xml:94:9-96:75
	android:label
		ADDED from src/main/AndroidManifest.xml:96:13-72
	android:name
		ADDED from src/main/AndroidManifest.xml:95:13-49
activity#com.example.shagun.techno_agri_23.newtypes
ADDED from src/main/AndroidManifest.xml:97:9-99:63
	android:label
		ADDED from src/main/AndroidManifest.xml:99:13-60
	android:name
		ADDED from src/main/AndroidManifest.xml:98:13-37
activity#com.example.shagun.techno_agri_23.newtypes1
ADDED from src/main/AndroidManifest.xml:100:9-102:64
	android:label
		ADDED from src/main/AndroidManifest.xml:102:13-61
	android:name
		ADDED from src/main/AndroidManifest.xml:101:13-38
activity#com.example.shagun.techno_agri_23.ck
ADDED from src/main/AndroidManifest.xml:103:9-105:57
	android:label
		ADDED from src/main/AndroidManifest.xml:105:13-54
	android:name
		ADDED from src/main/AndroidManifest.xml:104:13-31
activity#com.example.shagun.techno_agri_23.spk
ADDED from src/main/AndroidManifest.xml:106:9-108:58
	android:label
		ADDED from src/main/AndroidManifest.xml:108:13-55
	android:name
		ADDED from src/main/AndroidManifest.xml:107:13-32
activity#com.example.shagun.techno_agri_23.w1
ADDED from src/main/AndroidManifest.xml:109:9-111:57
	android:label
		ADDED from src/main/AndroidManifest.xml:111:13-54
	android:name
		ADDED from src/main/AndroidManifest.xml:110:13-31
activity#com.example.shagun.techno_agri_23.j1
ADDED from src/main/AndroidManifest.xml:112:9-114:57
	android:label
		ADDED from src/main/AndroidManifest.xml:114:13-54
	android:name
		ADDED from src/main/AndroidManifest.xml:113:13-31
activity#com.example.shagun.techno_agri_23.w2
ADDED from src/main/AndroidManifest.xml:115:9-117:57
	android:label
		ADDED from src/main/AndroidManifest.xml:117:13-54
	android:name
		ADDED from src/main/AndroidManifest.xml:116:13-31
activity#com.example.shagun.techno_agri_23.j2
ADDED from src/main/AndroidManifest.xml:118:9-120:57
	android:label
		ADDED from src/main/AndroidManifest.xml:120:13-54
	android:name
		ADDED from src/main/AndroidManifest.xml:119:13-31
activity#com.example.shagun.techno_agri_23.m1
ADDED from src/main/AndroidManifest.xml:121:9-123:57
	android:label
		ADDED from src/main/AndroidManifest.xml:123:13-54
	android:name
		ADDED from src/main/AndroidManifest.xml:122:13-31
activity#com.example.shagun.techno_agri_23.m2
ADDED from src/main/AndroidManifest.xml:124:9-126:57
	android:label
		ADDED from src/main/AndroidManifest.xml:126:13-54
	android:name
		ADDED from src/main/AndroidManifest.xml:125:13-31
activity#com.example.shagun.techno_agri_23.b1
ADDED from src/main/AndroidManifest.xml:127:9-129:57
	android:label
		ADDED from src/main/AndroidManifest.xml:129:13-54
	android:name
		ADDED from src/main/AndroidManifest.xml:128:13-31
activity#com.example.shagun.techno_agri_23.b2
ADDED from src/main/AndroidManifest.xml:130:9-132:57
	android:label
		ADDED from src/main/AndroidManifest.xml:132:13-54
	android:name
		ADDED from src/main/AndroidManifest.xml:131:13-31
activity#com.example.shagun.techno_agri_23.newtype2
ADDED from src/main/AndroidManifest.xml:133:9-135:63
	android:label
		ADDED from src/main/AndroidManifest.xml:135:13-60
	android:name
		ADDED from src/main/AndroidManifest.xml:134:13-37
activity#com.example.shagun.techno_agri_23.c1
ADDED from src/main/AndroidManifest.xml:136:9-138:57
	android:label
		ADDED from src/main/AndroidManifest.xml:138:13-54
	android:name
		ADDED from src/main/AndroidManifest.xml:137:13-31
activity#com.example.shagun.techno_agri_23.c2
ADDED from src/main/AndroidManifest.xml:139:9-141:57
	android:label
		ADDED from src/main/AndroidManifest.xml:141:13-54
	android:name
		ADDED from src/main/AndroidManifest.xml:140:13-31
activity#com.example.shagun.techno_agri_23.o1
ADDED from src/main/AndroidManifest.xml:142:9-144:57
	android:label
		ADDED from src/main/AndroidManifest.xml:144:13-54
	android:name
		ADDED from src/main/AndroidManifest.xml:143:13-31
activity#com.example.shagun.techno_agri_23.o2
ADDED from src/main/AndroidManifest.xml:145:9-147:66
	android:label
		ADDED from src/main/AndroidManifest.xml:147:13-54
	android:name
		ADDED from src/main/AndroidManifest.xml:146:13-31
uses-sdk
INJECTED from src/main/AndroidManifest.xml reason: use-sdk injection requested
INJECTED from src/main/AndroidManifest.xml
INJECTED from src/main/AndroidManifest.xml
MERGED from [com.android.support:appcompat-v7:28.0.0] AndroidManifest.xml:20:5-44
MERGED from [com.android.support:appcompat-v7:28.0.0] AndroidManifest.xml:20:5-44
MERGED from [com.android.support.constraint:constraint-layout:1.1.3] AndroidManifest.xml:5:5-7:41
MERGED from [com.android.support.constraint:constraint-layout:1.1.3] AndroidManifest.xml:5:5-7:41
MERGED from [com.android.support:support-fragment:28.0.0] AndroidManifest.xml:20:5-44
MERGED from [com.android.support:support-fragment:28.0.0] AndroidManifest.xml:20:5-44
MERGED from [com.android.support:animated-vector-drawable:28.0.0] AndroidManifest.xml:20:5-44
MERGED from [com.android.support:animated-vector-drawable:28.0.0] AndroidManifest.xml:20:5-44
MERGED from [com.android.support:support-core-ui:28.0.0] AndroidManifest.xml:20:5-44
MERGED from [com.android.support:support-core-ui:28.0.0] AndroidManifest.xml:20:5-44
MERGED from [com.android.support:support-core-utils:28.0.0] AndroidManifest.xml:20:5-44
MERGED from [com.android.support:support-core-utils:28.0.0] AndroidManifest.xml:20:5-44
MERGED from [com.android.support:support-vector-drawable:28.0.0] AndroidManifest.xml:20:5-44
MERGED from [com.android.support:support-vector-drawable:28.0.0] AndroidManifest.xml:20:5-44
MERGED from [com.android.support:loader:28.0.0] AndroidManifest.xml:20:5-44
MERGED from [com.android.support:loader:28.0.0] AndroidManifest.xml:20:5-44
MERGED from [com.android.support:viewpager:28.0.0] AndroidManifest.xml:20:5-44
MERGED from [com.android.support:viewpager:28.0.0] AndroidManifest.xml:20:5-44
MERGED from [com.android.support:coordinatorlayout:28.0.0] AndroidManifest.xml:20:5-44
MERGED from [com.android.support:coordinatorlayout:28.0.0] AndroidManifest.xml:20:5-44
MERGED from [com.android.support:drawerlayout:28.0.0] AndroidManifest.xml:20:5-44
MERGED from [com.android.support:drawerlayout:28.0.0] AndroidManifest.xml:20:5-44
MERGED from [com.android.support:slidingpanelayout:28.0.0] AndroidManifest.xml:20:5-44
MERGED from [com.android.support:slidingpanelayout:28.0.0] AndroidManifest.xml:20:5-44
MERGED from [com.android.support:customview:28.0.0] AndroidManifest.xml:20:5-44
MERGED from [com.android.support:customview:28.0.0] AndroidManifest.xml:20:5-44
MERGED from [com.android.support:swiperefreshlayout:28.0.0] AndroidManifest.xml:20:5-44
MERGED from [com.android.support:swiperefreshlayout:28.0.0] AndroidManifest.xml:20:5-44
MERGED from [com.android.support:asynclayoutinflater:28.0.0] AndroidManifest.xml:20:5-44
MERGED from [com.android.support:asynclayoutinflater:28.0.0] AndroidManifest.xml:20:5-44
MERGED from [com.android.support:support-compat:28.0.0] AndroidManifest.xml:20:5-44
MERGED from [com.android.support:support-compat:28.0.0] AndroidManifest.xml:20:5-44
MERGED from [com.android.support:versionedparcelable:28.0.0] AndroidManifest.xml:20:5-44
MERGED from [com.android.support:versionedparcelable:28.0.0] AndroidManifest.xml:20:5-44
MERGED from [com.android.support:cursoradapter:28.0.0] AndroidManifest.xml:20:5-44
MERGED from [com.android.support:cursoradapter:28.0.0] AndroidManifest.xml:20:5-44
MERGED from [android.arch.lifecycle:runtime:1.1.1] AndroidManifest.xml:20:5-44
MERGED from [android.arch.lifecycle:runtime:1.1.1] AndroidManifest.xml:20:5-44
MERGED from [com.android.support:documentfile:28.0.0] AndroidManifest.xml:20:5-44
MERGED from [com.android.support:documentfile:28.0.0] AndroidManifest.xml:20:5-44
MERGED from [com.android.support:localbroadcastmanager:28.0.0] AndroidManifest.xml:20:5-44
MERGED from [com.android.support:localbroadcastmanager:28.0.0] AndroidManifest.xml:20:5-44
MERGED from [com.android.support:print:28.0.0] AndroidManifest.xml:20:5-44
MERGED from [com.android.support:print:28.0.0] AndroidManifest.xml:20:5-44
MERGED from [android.arch.lifecycle:viewmodel:1.1.1] AndroidManifest.xml:20:5-44
MERGED from [android.arch.lifecycle:viewmodel:1.1.1] AndroidManifest.xml:20:5-44
MERGED from [android.arch.lifecycle:livedata:1.1.1] AndroidManifest.xml:20:5-44
MERGED from [android.arch.lifecycle:livedata:1.1.1] AndroidManifest.xml:20:5-44
MERGED from [android.arch.lifecycle:livedata-core:1.1.1] AndroidManifest.xml:20:5-44
MERGED from [android.arch.lifecycle:livedata-core:1.1.1] AndroidManifest.xml:20:5-44
MERGED from [android.arch.core:runtime:1.1.1] AndroidManifest.xml:20:5-44
MERGED from [android.arch.core:runtime:1.1.1] AndroidManifest.xml:20:5-44
MERGED from [com.android.support:interpolator:28.0.0] AndroidManifest.xml:20:5-44
MERGED from [com.android.support:interpolator:28.0.0] AndroidManifest.xml:20:5-44
INJECTED from src/main/AndroidManifest.xml
INJECTED from src/main/AndroidManifest.xml
	android:targetSdkVersion
		INJECTED from src/main/AndroidManifest.xml
		ADDED from src/main/AndroidManifest.xml
		INJECTED from src/main/AndroidManifest.xml
	android:minSdkVersion
		INJECTED from src/main/AndroidManifest.xml
		ADDED from src/main/AndroidManifest.xml
		INJECTED from src/main/AndroidManifest.xml